    Примечание. Тип тестового приложения - Desktop.
    Начинается выполнение задачи Изменение отказоустойчивой кучи.
    Начинается выполнение задачи Изменить состояние службы TAEF.
    Задача Изменить состояние службы TAEF выполнена успешно.
    Задача Изменение отказоустойчивой кучи выполнена успешно.
    Начинается выполнение задачи Перечень разделов реестра.
    Задача Перечень разделов реестра выполнена успешно.
    Начинается выполнение задачи Перечень программ.
    Задача Перечень программ выполнена успешно.
    Начинается выполнение задачи Цифровая подпись.
    Начинается выполнение задачи Не загружайте службы и драйверы в безопасном режиме.
    Задача Цифровая подпись выполнена успешно.
    Задача Не загружайте службы и драйверы в безопасном режиме выполнена успешно.
    Начинается выполнение задачи Надлежащая проверка версии ОС.
    Начинается выполнение задачи Включение проверки нескольких пользователей.
    Задача Включение проверки нескольких пользователей выполнена успешно.
    Задача Надлежащая проверка версии ОС выполнена успешно.
    Начинается выполнение задачи Не используйте немедленную принудительную перезагрузку в ходе установки.
    Задача Не используйте немедленную принудительную перезагрузку в ходе установки выполнена успешно.
    Начинается выполнение задачи Изменение службы помощника по совместимости программ.
    Задача Изменение службы помощника по совместимости программ выполнена успешно.
    Начинается выполнение задачи Перенаправление пользовательского режима с использованием AppInit_DLLs.
    Начинается выполнение задачи Сбои и зависания.
    Задача Сбои и зависания выполнена успешно.
    Задача Перенаправление пользовательского режима с использованием AppInit_DLLs выполнена успешно.
    Начинается выполнение задачи Обработка файлов трассировки установки.
    Начинается выполнение задачи Изменить локальные параметры отчетов об ошибках Windows.
    Задача Изменить локальные параметры отчетов об ошибках Windows выполнена успешно.
    Задача Обработка файлов трассировки установки выполнена успешно.
    Начинается выполнение задачи Перечень программ.
    Задача Перечень программ выполнена успешно.
    Начинается выполнение задачи Обработка файлов трассировки установки.
    Задача Обработка файлов трассировки установки выполнена успешно.
    Начинается выполнение задачи Установленные программы.
    Сбой задачи Установленные программы.
    Начинается выполнение задачи Сведения о зависимостях.
    Начинается выполнение задачи Надлежащая проверка версии ОС.
    Сбой задачи Сведения о зависимостях.
    Задача Надлежащая проверка версии ОС выполнена успешно.
    Начинается выполнение задачи Обработка файлов трассировки установки.
Не удалось установить приложение в более высокой версии Windows. Комплект Windows App Certification Kit попытается установить приложение с другими параметрами.
